  [1m[35m (0.3ms)[0m  [1m[34mSELECT sqlite_version(*)[0m
  [1m[35m (0.9ms)[0m  [1m[35mCREATE TABLE "schema_migrations" ("version" varchar NOT NULL PRIMARY KEY)[0m
  [1m[35m (0.8ms)[0m  [1m[35mCREATE TABLE "ar_internal_metadata" ("key" varchar NOT NULL PRIMARY KEY, "value" varchar, "created_at" datetime NOT NULL, "updated_at" datetime NOT NULL)[0m
  [1m[35m (0.3ms)[0m  [1m[34mSELECT "schema_migrations"."version" FROM "schema_migrations" ORDER BY "schema_migrations"."version" ASC[0m
Migrating to CreateArticles (20171109131537)
  [1m[35m (0.1ms)[0m  [1m[36mbegin transaction[0m
  [1m[35m (0.4ms)[0m  [1m[35mCREATE TABLE "articles" ("id" INTEGER PRIMARY KEY AUTOINCREMENT NOT NULL, "title" varchar)[0m
  [1m[35mSQL (0.2ms)[0m  [1m[32mINSERT INTO "schema_migrations" ("version") VALUES (?)[0m  [["version", "20171109131537"]]
  [1m[35m (0.7ms)[0m  [1m[36mcommit transaction[0m
Migrating to AddDescriptionToArticles (20171109132437)
  [1m[35m (0.0ms)[0m  [1m[36mbegin transaction[0m
  [1m[35m (0.3ms)[0m  [1m[35mALTER TABLE "articles" ADD "description" text[0m
  [1m[35m (0.1ms)[0m  [1m[35mALTER TABLE "articles" ADD "created_at" datetime[0m
  [1m[35m (0.1ms)[0m  [1m[35mALTER TABLE "articles" ADD "updated_at" datetime[0m
  [1m[35mSQL (0.1ms)[0m  [1m[32mINSERT INTO "schema_migrations" ("version") VALUES (?)[0m  [["version", "20171109132437"]]
  [1m[35m (1.1ms)[0m  [1m[36mcommit transaction[0m
Migrating to CreateUsers (20171116111014)
  [1m[35m (0.0ms)[0m  [1m[36mbegin transaction[0m
  [1m[35m (0.2ms)[0m  [1m[35mCREATE TABLE "users" ("id" INTEGER PRIMARY KEY AUTOINCREMENT NOT NULL, "username" varchar, "email" varchar, "created_at" datetime NOT NULL, "updated_at" datetime NOT NULL)[0m
  [1m[35mSQL (0.1ms)[0m  [1m[32mINSERT INTO "schema_migrations" ("version") VALUES (?)[0m  [["version", "20171116111014"]]
  [1m[35m (1.2ms)[0m  [1m[36mcommit transaction[0m
Migrating to AddUserIdToArticles (20171116161135)
  [1m[35m (0.0ms)[0m  [1m[36mbegin transaction[0m
  [1m[35m (0.2ms)[0m  [1m[35mALTER TABLE "articles" ADD "user_id" integer[0m
  [1m[35mSQL (0.1ms)[0m  [1m[32mINSERT INTO "schema_migrations" ("version") VALUES (?)[0m  [["version", "20171116161135"]]
  [1m[35m (0.8ms)[0m  [1m[36mcommit transaction[0m
Migrating to AddPasswordDigestToUsers (20171116184447)
  [1m[35m (0.0ms)[0m  [1m[36mbegin transaction[0m
  [1m[35m (0.2ms)[0m  [1m[35mALTER TABLE "users" ADD "password_digest" varchar[0m
  [1m[35mSQL (0.1ms)[0m  [1m[32mINSERT INTO "schema_migrations" ("version") VALUES (?)[0m  [["version", "20171116184447"]]
  [1m[35m (0.9ms)[0m  [1m[36mcommit transaction[0m
Migrating to AddAdminToUsers (20171118104118)
  [1m[35m (0.0ms)[0m  [1m[36mbegin transaction[0m
  [1m[35m (0.2ms)[0m  [1m[35mALTER TABLE "users" ADD "admin" boolean DEFAULT 'f'[0m
  [1m[35mSQL (0.1ms)[0m  [1m[32mINSERT INTO "schema_migrations" ("version") VALUES (?)[0m  [["version", "20171118104118"]]
  [1m[35m (0.8ms)[0m  [1m[36mcommit transaction[0m
Migrating to CreateCategories (20171120121927)
  [1m[35m (0.0ms)[0m  [1m[36mbegin transaction[0m
  [1m[35m (0.2ms)[0m  [1m[35mCREATE TABLE "categories" ("id" INTEGER PRIMARY KEY AUTOINCREMENT NOT NULL, "name" varchar, "created_at" datetime NOT NULL, "updated_at" datetime NOT NULL)[0m
  [1m[35mSQL (0.1ms)[0m  [1m[32mINSERT INTO "schema_migrations" ("version") VALUES (?)[0m  [["version", "20171120121927"]]
  [1m[35m (1.0ms)[0m  [1m[36mcommit transaction[0m
Migrating to CreateArticleCategories (20171120234529)
  [1m[35m (0.0ms)[0m  [1m[36mbegin transaction[0m
  [1m[35m (0.2ms)[0m  [1m[35mCREATE TABLE "article_categories" ("id" INTEGER PRIMARY KEY AUTOINCREMENT NOT NULL, "article_id" integer, "category_id" integer)[0m
  [1m[35mSQL (0.1ms)[0m  [1m[32mINSERT INTO "schema_migrations" ("version") VALUES (?)[0m  [["version", "20171120234529"]]
  [1m[35m (0.6ms)[0m  [1m[36mcommit transaction[0m
  [1m[36mActiveRecord::InternalMetadata Load (0.1ms)[0m  [1m[34mSELECT  "ar_internal_metadata".* FROM "ar_internal_metadata" WHERE "ar_internal_metadata"."key" = ? LIMIT ?[0m  [["key", "environment"], ["LIMIT", 1]]
  [1m[35m (0.0ms)[0m  [1m[36mbegin transaction[0m
  [1m[35mSQL (0.2ms)[0m  [1m[32mINSERT INTO "ar_internal_metadata" ("key", "value", "created_at", "updated_at") VALUES (?, ?, ?, ?)[0m  [["key", "environment"], ["value", "development"], ["created_at", "2018-05-11 01:45:33.385799"], ["updated_at", "2018-05-11 01:45:33.385799"]]
  [1m[35m (0.6ms)[0m  [1m[36mcommit transaction[0m
  [1m[35m (0.1ms)[0m  [1m[34mSELECT "schema_migrations"."version" FROM "schema_migrations" ORDER BY "schema_migrations"."version" ASC[0m
Started GET "/users" for 127.0.0.1 at 2018-05-10 21:46:12 -0400
  [1m[35m (0.1ms)[0m  [1m[34mSELECT "schema_migrations"."version" FROM "schema_migrations" ORDER BY "schema_migrations"."version" ASC[0m
Processing by UsersController#index as HTML
  Rendering users/index.html.erb within layouts/application
  [1m[35m (0.1ms)[0m  [1m[34mSELECT COUNT(*) FROM "users"[0m
  [1m[36mUser Load (0.1ms)[0m  [1m[34mSELECT  "users".* FROM "users" LIMIT ? OFFSET ?[0m  [["LIMIT", 5], ["OFFSET", 0]]
  Rendered users/index.html.erb within layouts/application (3.0ms)
  [1m[36mCategory Load (0.1ms)[0m  [1m[34mSELECT "categories".* FROM "categories"[0m
  Rendered layouts/_navigation.html.erb (3.9ms)
  Rendered layouts/_messages.html.erb (0.3ms)
  Rendered layouts/_footer.html.erb (0.2ms)
Completed 200 OK in 2059ms (Views: 2045.6ms | ActiveRecord: 1.0ms)


Started GET "/users" for 127.0.0.1 at 2018-05-10 21:46:32 -0400
Processing by UsersController#index as HTML
  Rendering users/index.html.erb within layouts/application
  [1m[35m (0.1ms)[0m  [1m[34mSELECT COUNT(*) FROM "users"[0m
  [1m[36mUser Load (0.1ms)[0m  [1m[34mSELECT  "users".* FROM "users" LIMIT ? OFFSET ?[0m  [["LIMIT", 5], ["OFFSET", 0]]
  Rendered users/index.html.erb within layouts/application (1.0ms)
  [1m[36mCategory Load (0.1ms)[0m  [1m[34mSELECT "categories".* FROM "categories"[0m
  Rendered layouts/_navigation.html.erb (1.4ms)
  Rendered layouts/_messages.html.erb (0.2ms)
  Rendered layouts/_footer.html.erb (0.2ms)
Completed 200 OK in 30ms (Views: 28.6ms | ActiveRecord: 0.3ms)


Started GET "/" for 127.0.0.1 at 2018-05-10 21:46:35 -0400
Processing by WelcomeController#home as HTML
  Rendering welcome/home.html.erb within layouts/application
  Rendered welcome/home.html.erb within layouts/application (0.3ms)
  [1m[36mCategory Load (0.1ms)[0m  [1m[34mSELECT "categories".* FROM "categories"[0m
  Rendered layouts/_navigation.html.erb (1.2ms)
  Rendered layouts/_messages.html.erb (0.2ms)
  Rendered layouts/_footer.html.erb (0.2ms)
Completed 200 OK in 41ms (Views: 38.8ms | ActiveRecord: 0.1ms)


Started GET "/signup" for 127.0.0.1 at 2018-05-10 22:15:40 -0400
Processing by UsersController#new as HTML
  Rendering users/new.html.erb within layouts/application
  Rendered shared/_errors.html.erb (0.2ms)
  Rendered users/_form.html.erb (10.4ms)
  Rendered users/new.html.erb within layouts/application (12.4ms)
  [1m[36mCategory Load (0.2ms)[0m  [1m[34mSELECT "categories".* FROM "categories"[0m
  Rendered layouts/_navigation.html.erb (1.3ms)
  Rendered layouts/_messages.html.erb (0.3ms)
  Rendered layouts/_footer.html.erb (0.2ms)
Completed 200 OK in 59ms (Views: 45.5ms | ActiveRecord: 0.4ms)


Started POST "/users" for 127.0.0.1 at 2018-05-10 22:15:57 -0400
Processing by UsersController#create as HTML
  Parameters: {"utf8"=>"✓", "authenticity_token"=>"RRd79WWL8+OOQkMmTeNOFLgIq31jIbJ33BfFwC/FO3qNWFCqp0nRWI6aLIqau4epiIf80ruI39/6nA1ae5QhFQ==", "user"=>{"username"=>"testerOne", "email"=>"brff19@gmail.com", "password"=>"[FILTERED]"}, "commit"=>"Sign up"}
  [1m[35m (0.0ms)[0m  [1m[36mbegin transaction[0m
  [1m[36mUser Exists (0.1ms)[0m  [1m[34mSELECT  1 AS one FROM "users" WHERE LOWER("users"."username") = LOWER(?) LIMIT ?[0m  [["username", "testerOne"], ["LIMIT", 1]]
  [1m[36mUser Exists (0.0ms)[0m  [1m[34mSELECT  1 AS one FROM "users" WHERE LOWER("users"."email") = LOWER(?) LIMIT ?[0m  [["email", "brff19@gmail.com"], ["LIMIT", 1]]
  [1m[35mSQL (0.2ms)[0m  [1m[32mINSERT INTO "users" ("username", "email", "created_at", "updated_at", "password_digest") VALUES (?, ?, ?, ?, ?)[0m  [["username", "testerOne"], ["email", "brff19@gmail.com"], ["created_at", "2018-05-11 02:15:57.844727"], ["updated_at", "2018-05-11 02:15:57.844727"], ["password_digest", "$2a$10$SZ3JluRkqskWAWk8PY8uPeaTioNjPnCQ4.AIxvYmEy.CEJT3mE37y"]]
  [1m[35m (1.1ms)[0m  [1m[36mcommit transaction[0m
Redirected to http://localhost:3000/users/1
Completed 302 Found in 49ms (ActiveRecord: 1.5ms)


Started GET "/users/1" for 127.0.0.1 at 2018-05-10 22:15:57 -0400
Processing by UsersController#show as HTML
  Parameters: {"id"=>"1"}
  [1m[36mUser Load (0.1ms)[0m  [1m[34mSELECT  "users".* FROM "users" WHERE "users"."id" = ? LIMIT ?[0m  [["id", 1], ["LIMIT", 1]]
  Rendering users/show.html.erb within layouts/application
  [1m[35m (0.1ms)[0m  [1m[34mSELECT COUNT(*) FROM "articles" WHERE "articles"."user_id" = ?[0m  [["user_id", 1]]
  [1m[36mArticle Load (0.1ms)[0m  [1m[34mSELECT  "articles".* FROM "articles" WHERE "articles"."user_id" = ? LIMIT ? OFFSET ?[0m  [["user_id", 1], ["LIMIT", 5], ["OFFSET", 0]]
  Rendered articles/_article.html.erb (1.4ms)
  Rendered users/show.html.erb within layouts/application (3.9ms)
  [1m[36mUser Load (0.1ms)[0m  [1m[34mSELECT  "users".* FROM "users" WHERE "users"."id" = ? LIMIT ?[0m  [["id", 1], ["LIMIT", 1]]
  [1m[36mCategory Load (0.2ms)[0m  [1m[34mSELECT "categories".* FROM "categories"[0m
  Rendered layouts/_navigation.html.erb (2.2ms)
  Rendered layouts/_messages.html.erb (0.4ms)
  Rendered layouts/_footer.html.erb (0.5ms)
Completed 200 OK in 60ms (Views: 44.5ms | ActiveRecord: 0.8ms)


Started GET "/articles/new" for 127.0.0.1 at 2018-05-10 22:16:10 -0400
Processing by ArticlesController#new as HTML
  [1m[36mUser Load (0.2ms)[0m  [1m[34mSELECT  "users".* FROM "users" WHERE "users"."id" = ? LIMIT ?[0m  [["id", 1], ["LIMIT", 1]]
  Rendering articles/new.html.erb within layouts/application
  Rendered shared/_errors.html.erb (0.2ms)
  [1m[36mCategory Load (0.1ms)[0m  [1m[34mSELECT "categories".* FROM "categories"[0m
  Rendered articles/_form.html.erb (5.0ms)
  Rendered articles/new.html.erb within layouts/application (6.9ms)
  [1m[36mCACHE Category Load (0.0ms)[0m  [1m[34mSELECT "categories".* FROM "categories"[0m
  Rendered layouts/_navigation.html.erb (1.2ms)
  Rendered layouts/_messages.html.erb (0.3ms)
  Rendered layouts/_footer.html.erb (0.2ms)
Completed 200 OK in 54ms (Views: 46.8ms | ActiveRecord: 0.6ms)


Started POST "/articles" for 127.0.0.1 at 2018-05-10 22:16:44 -0400
Processing by ArticlesController#create as HTML
  Parameters: {"utf8"=>"✓", "authenticity_token"=>"8TBoopmuVfB0JP+z/COZnud3QfGoIf0xZ6ylG0JiKzFU7vfTz1wVYMvKDxdobLgjnBR9sBO1DkEdLHXb727Ciw==", "article"=>{"title"=>"React", "description"=>"ReactJS is officially not a framework but is a javascript library, though it technically could be considered a framework.", "category_ids"=>[""]}, "commit"=>"Create Article"}
  [1m[36mUser Load (0.1ms)[0m  [1m[34mSELECT  "users".* FROM "users" WHERE "users"."id" = ? LIMIT ?[0m  [["id", 1], ["LIMIT", 1]]
  [1m[36mCategory Load (0.1ms)[0m  [1m[34mSELECT "categories".* FROM "categories" WHERE 1=0[0m
  [1m[35m (0.0ms)[0m  [1m[36mbegin transaction[0m
  [1m[35mSQL (0.2ms)[0m  [1m[32mINSERT INTO "articles" ("title", "description", "created_at", "updated_at", "user_id") VALUES (?, ?, ?, ?, ?)[0m  [["title", "React"], ["description", "ReactJS is officially not a framework but is a javascript library, though it technically could be considered a framework."], ["created_at", "2018-05-11 02:16:44.116894"], ["updated_at", "2018-05-11 02:16:44.116894"], ["user_id", 1]]
  [1m[35m (0.8ms)[0m  [1m[36mcommit transaction[0m
Redirected to http://localhost:3000/articles/1
Completed 302 Found in 12ms (ActiveRecord: 1.5ms)


Started GET "/articles/1" for 127.0.0.1 at 2018-05-10 22:16:44 -0400
Processing by ArticlesController#show as HTML
  Parameters: {"id"=>"1"}
  [1m[36mArticle Load (0.1ms)[0m  [1m[34mSELECT  "articles".* FROM "articles" WHERE "articles"."id" = ? LIMIT ?[0m  [["id", 1], ["LIMIT", 1]]
  Rendering articles/show.html.erb within layouts/application
  [1m[36mUser Load (0.1ms)[0m  [1m[34mSELECT  "users".* FROM "users" WHERE "users"."id" = ? LIMIT ?[0m  [["id", 1], ["LIMIT", 1]]
  [1m[35m (0.1ms)[0m  [1m[34mSELECT COUNT(*) FROM "articles" WHERE "articles"."user_id" = ?[0m  [["user_id", 1]]
  [1m[36mCategory Exists (0.1ms)[0m  [1m[34mSELECT  1 AS one FROM "categories" INNER JOIN "article_categories" ON "categories"."id" = "article_categories"."category_id" WHERE "article_categories"."article_id" = ? LIMIT ?[0m  [["article_id", 1], ["LIMIT", 1]]
  [1m[36mCACHE User Load (0.0ms)[0m  [1m[34mSELECT  "users".* FROM "users" WHERE "users"."id" = ? LIMIT ?[0m  [["id", 1], ["LIMIT", 1]]
  Rendered articles/show.html.erb within layouts/application (13.7ms)
  [1m[36mCategory Load (0.1ms)[0m  [1m[34mSELECT "categories".* FROM "categories"[0m
  Rendered layouts/_navigation.html.erb (1.1ms)
  Rendered layouts/_messages.html.erb (0.3ms)
  Rendered layouts/_footer.html.erb (0.5ms)
Completed 200 OK in 47ms (Views: 43.8ms | ActiveRecord: 0.8ms)


Started GET "/" for 127.0.0.1 at 2018-05-11 00:21:44 -0400
Processing by WelcomeController#home as HTML
  [1m[36mUser Load (1.9ms)[0m  [1m[34mSELECT  "users".* FROM "users" WHERE "users"."id" = ? LIMIT ?[0m  [["id", 1], ["LIMIT", 1]]
Redirected to http://localhost:3000/articles
Completed 302 Found in 25ms (ActiveRecord: 1.9ms)


Started GET "/articles" for 127.0.0.1 at 2018-05-11 00:21:44 -0400
Processing by ArticlesController#index as HTML
  Rendering articles/index.html.erb within layouts/application
  [1m[35m (0.3ms)[0m  [1m[34mSELECT COUNT(*) FROM "articles"[0m
  [1m[36mArticle Load (0.2ms)[0m  [1m[34mSELECT  "articles".* FROM "articles" LIMIT ? OFFSET ?[0m  [["LIMIT", 5], ["OFFSET", 0]]
  [1m[36mUser Load (0.1ms)[0m  [1m[34mSELECT  "users".* FROM "users" WHERE "users"."id" = ? LIMIT ?[0m  [["id", 1], ["LIMIT", 1]]
  [1m[36mCategory Exists (0.2ms)[0m  [1m[34mSELECT  1 AS one FROM "categories" INNER JOIN "article_categories" ON "categories"."id" = "article_categories"."category_id" WHERE "article_categories"."article_id" = ? LIMIT ?[0m  [["article_id", 1], ["LIMIT", 1]]
  [1m[36mCACHE User Load (0.0ms)[0m  [1m[34mSELECT  "users".* FROM "users" WHERE "users"."id" = ? LIMIT ?[0m  [["id", 1], ["LIMIT", 1]]
  Rendered articles/_article.html.erb (17.7ms)
  Rendered articles/index.html.erb within layouts/application (29.5ms)
  [1m[36mCategory Load (0.2ms)[0m  [1m[34mSELECT "categories".* FROM "categories"[0m
  Rendered layouts/_navigation.html.erb (1.9ms)
  Rendered layouts/_messages.html.erb (0.3ms)
  Rendered layouts/_footer.html.erb (0.4ms)
Completed 200 OK in 102ms (Views: 93.3ms | ActiveRecord: 1.0ms)


Started GET "/articles" for 127.0.0.1 at 2018-05-11 00:41:26 -0400
  [1m[35m (0.1ms)[0m  [1m[34mSELECT "schema_migrations"."version" FROM "schema_migrations" ORDER BY "schema_migrations"."version" ASC[0m
Processing by ArticlesController#index as HTML
  Rendering articles/index.html.erb within layouts/application
  [1m[35m (0.1ms)[0m  [1m[34mSELECT COUNT(*) FROM "articles"[0m
  [1m[36mArticle Load (0.1ms)[0m  [1m[34mSELECT  "articles".* FROM "articles" LIMIT ? OFFSET ?[0m  [["LIMIT", 5], ["OFFSET", 0]]
  [1m[36mUser Load (0.1ms)[0m  [1m[34mSELECT  "users".* FROM "users" WHERE "users"."id" = ? LIMIT ?[0m  [["id", 1], ["LIMIT", 1]]
  [1m[36mCategory Exists (0.1ms)[0m  [1m[34mSELECT  1 AS one FROM "categories" INNER JOIN "article_categories" ON "categories"."id" = "article_categories"."category_id" WHERE "article_categories"."article_id" = ? LIMIT ?[0m  [["article_id", 1], ["LIMIT", 1]]
  [1m[36mUser Load (0.1ms)[0m  [1m[34mSELECT  "users".* FROM "users" WHERE "users"."id" = ? LIMIT ?[0m  [["id", 1], ["LIMIT", 1]]
  Rendered articles/_article.html.erb (61.6ms)
  Rendered articles/index.html.erb within layouts/application (65.2ms)
[Webpacker] Compiling…
[Webpacker] Compiled all packs in /Users/brian/RubymineProjects/alpha-blog-newer/public/packs
  [1m[36mCategory Load (0.2ms)[0m  [1m[34mSELECT "categories".* FROM "categories"[0m
  Rendered layouts/_navigation.html.erb (1.9ms)
  Rendered layouts/_messages.html.erb (0.3ms)
  Rendered layouts/_footer.html.erb (0.2ms)
Completed 200 OK in 4729ms (Views: 4711.7ms | ActiveRecord: 1.9ms)


Started GET "/" for 127.0.0.1 at 2018-05-11 01:09:17 -0400
  [1m[35m (0.5ms)[0m  [1m[34mSELECT "schema_migrations"."version" FROM "schema_migrations" ORDER BY "schema_migrations"."version" ASC[0m
Processing by WelcomeController#home as HTML
  [1m[36mUser Load (0.1ms)[0m  [1m[34mSELECT  "users".* FROM "users" WHERE "users"."id" = ? LIMIT ?[0m  [["id", 1], ["LIMIT", 1]]
Redirected to http://localhost:3000/articles
Completed 302 Found in 22ms (ActiveRecord: 0.5ms)


Started GET "/articles" for 127.0.0.1 at 2018-05-11 01:09:17 -0400
Processing by ArticlesController#index as HTML
  Rendering articles/index.html.erb within layouts/application
  [1m[35m (0.1ms)[0m  [1m[34mSELECT COUNT(*) FROM "articles"[0m
  [1m[36mArticle Load (0.1ms)[0m  [1m[34mSELECT  "articles".* FROM "articles" LIMIT ? OFFSET ?[0m  [["LIMIT", 5], ["OFFSET", 0]]
  [1m[36mUser Load (0.1ms)[0m  [1m[34mSELECT  "users".* FROM "users" WHERE "users"."id" = ? LIMIT ?[0m  [["id", 1], ["LIMIT", 1]]
  [1m[36mCategory Exists (0.1ms)[0m  [1m[34mSELECT  1 AS one FROM "categories" INNER JOIN "article_categories" ON "categories"."id" = "article_categories"."category_id" WHERE "article_categories"."article_id" = ? LIMIT ?[0m  [["article_id", 1], ["LIMIT", 1]]
  [1m[36mCACHE User Load (0.0ms)[0m  [1m[34mSELECT  "users".* FROM "users" WHERE "users"."id" = ? LIMIT ?[0m  [["id", 1], ["LIMIT", 1]]
  Rendered articles/_article.html.erb (40.2ms)
  Rendered articles/index.html.erb within layouts/application (43.9ms)
[Webpacker] Compiling…
[Webpacker] Compiled all packs in /Users/brian/RubymineProjects/alpha-blog-newer/public/packs
  [1m[36mCategory Load (0.2ms)[0m  [1m[34mSELECT "categories".* FROM "categories"[0m
  Rendered layouts/_navigation.html.erb (1.9ms)
  Rendered layouts/_messages.html.erb (0.3ms)
  Rendered layouts/_footer.html.erb (0.2ms)
Completed 200 OK in 4464ms (Views: 4453.8ms | ActiveRecord: 1.4ms)


Started GET "/articles" for 127.0.0.1 at 2018-05-11 01:13:53 -0400
Processing by ArticlesController#index as HTML
  Rendering articles/index.html.erb within layouts/application
  [1m[35m (0.4ms)[0m  [1m[34mSELECT COUNT(*) FROM "articles"[0m
  [1m[36mArticle Load (0.2ms)[0m  [1m[34mSELECT  "articles".* FROM "articles" LIMIT ? OFFSET ?[0m  [["LIMIT", 5], ["OFFSET", 0]]
  [1m[36mUser Load (0.1ms)[0m  [1m[34mSELECT  "users".* FROM "users" WHERE "users"."id" = ? LIMIT ?[0m  [["id", 1], ["LIMIT", 1]]
  [1m[36mCategory Exists (0.1ms)[0m  [1m[34mSELECT  1 AS one FROM "categories" INNER JOIN "article_categories" ON "categories"."id" = "article_categories"."category_id" WHERE "article_categories"."article_id" = ? LIMIT ?[0m  [["article_id", 1], ["LIMIT", 1]]
  [1m[36mCACHE User Load (0.0ms)[0m  [1m[34mSELECT  "users".* FROM "users" WHERE "users"."id" = ? LIMIT ?[0m  [["id", 1], ["LIMIT", 1]]
  Rendered articles/_article.html.erb (5.3ms)
  Rendered articles/index.html.erb within layouts/application (8.0ms)
  [1m[36mCategory Load (0.1ms)[0m  [1m[34mSELECT "categories".* FROM "categories"[0m
  Rendered layouts/_navigation.html.erb (1.3ms)
  Rendered layouts/_messages.html.erb (0.3ms)
  Rendered layouts/_footer.html.erb (0.2ms)
Completed 200 OK in 71ms (Views: 67.9ms | ActiveRecord: 1.0ms)


Started GET "/articles" for 127.0.0.1 at 2018-05-11 01:14:27 -0400
Processing by ArticlesController#index as HTML
  Rendering articles/index.html.erb within layouts/application
  [1m[35m (0.1ms)[0m  [1m[34mSELECT COUNT(*) FROM "articles"[0m
  [1m[36mArticle Load (0.1ms)[0m  [1m[34mSELECT  "articles".* FROM "articles" LIMIT ? OFFSET ?[0m  [["LIMIT", 5], ["OFFSET", 0]]
  [1m[36mUser Load (0.1ms)[0m  [1m[34mSELECT  "users".* FROM "users" WHERE "users"."id" = ? LIMIT ?[0m  [["id", 1], ["LIMIT", 1]]
  [1m[36mCategory Exists (0.1ms)[0m  [1m[34mSELECT  1 AS one FROM "categories" INNER JOIN "article_categories" ON "categories"."id" = "article_categories"."category_id" WHERE "article_categories"."article_id" = ? LIMIT ?[0m  [["article_id", 1], ["LIMIT", 1]]
  [1m[36mCACHE User Load (0.0ms)[0m  [1m[34mSELECT  "users".* FROM "users" WHERE "users"."id" = ? LIMIT ?[0m  [["id", 1], ["LIMIT", 1]]
  Rendered articles/_article.html.erb (3.1ms)
  Rendered articles/index.html.erb within layouts/application (5.1ms)
  [1m[36mCategory Load (0.1ms)[0m  [1m[34mSELECT "categories".* FROM "categories"[0m
  Rendered layouts/_navigation.html.erb (1.1ms)
  Rendered layouts/_messages.html.erb (0.2ms)
  Rendered layouts/_footer.html.erb (0.2ms)
Completed 200 OK in 43ms (Views: 40.9ms | ActiveRecord: 0.4ms)


Started GET "/articles" for 127.0.0.1 at 2018-05-11 01:14:48 -0400
Processing by ArticlesController#index as HTML
  Rendering articles/index.html.erb within layouts/application
  [1m[35m (0.2ms)[0m  [1m[34mSELECT COUNT(*) FROM "articles"[0m
  [1m[36mArticle Load (0.1ms)[0m  [1m[34mSELECT  "articles".* FROM "articles" LIMIT ? OFFSET ?[0m  [["LIMIT", 5], ["OFFSET", 0]]
  [1m[36mUser Load (0.1ms)[0m  [1m[34mSELECT  "users".* FROM "users" WHERE "users"."id" = ? LIMIT ?[0m  [["id", 1], ["LIMIT", 1]]
  [1m[36mCategory Exists (0.1ms)[0m  [1m[34mSELECT  1 AS one FROM "categories" INNER JOIN "article_categories" ON "categories"."id" = "article_categories"."category_id" WHERE "article_categories"."article_id" = ? LIMIT ?[0m  [["article_id", 1], ["LIMIT", 1]]
  [1m[36mCACHE User Load (0.0ms)[0m  [1m[34mSELECT  "users".* FROM "users" WHERE "users"."id" = ? LIMIT ?[0m  [["id", 1], ["LIMIT", 1]]
  Rendered articles/_article.html.erb (3.4ms)
  Rendered articles/index.html.erb within layouts/application (5.5ms)
  [1m[36mCategory Load (0.1ms)[0m  [1m[34mSELECT "categories".* FROM "categories"[0m
  Rendered layouts/_navigation.html.erb (1.2ms)
  Rendered layouts/_messages.html.erb (0.2ms)
  Rendered layouts/_footer.html.erb (0.2ms)
Completed 200 OK in 43ms (Views: 41.1ms | ActiveRecord: 0.5ms)


Started GET "/articles" for 127.0.0.1 at 2018-05-11 01:15:13 -0400
Processing by ArticlesController#index as HTML
  Rendering articles/index.html.erb within layouts/application
  [1m[35m (0.1ms)[0m  [1m[34mSELECT COUNT(*) FROM "articles"[0m
  [1m[36mArticle Load (0.1ms)[0m  [1m[34mSELECT  "articles".* FROM "articles" LIMIT ? OFFSET ?[0m  [["LIMIT", 5], ["OFFSET", 0]]
  [1m[36mUser Load (0.1ms)[0m  [1m[34mSELECT  "users".* FROM "users" WHERE "users"."id" = ? LIMIT ?[0m  [["id", 1], ["LIMIT", 1]]
  [1m[36mCategory Exists (0.1ms)[0m  [1m[34mSELECT  1 AS one FROM "categories" INNER JOIN "article_categories" ON "categories"."id" = "article_categories"."category_id" WHERE "article_categories"."article_id" = ? LIMIT ?[0m  [["article_id", 1], ["LIMIT", 1]]
  [1m[36mCACHE User Load (0.0ms)[0m  [1m[34mSELECT  "users".* FROM "users" WHERE "users"."id" = ? LIMIT ?[0m  [["id", 1], ["LIMIT", 1]]
  Rendered articles/_article.html.erb (20.8ms)
  Rendered articles/index.html.erb within layouts/application (23.7ms)
[Webpacker] Compiling…
[Webpacker] Compiled all packs in /Users/brian/RubymineProjects/alpha-blog-newer/public/packs
  [1m[36mCategory Load (0.2ms)[0m  [1m[34mSELECT "categories".* FROM "categories"[0m
  Rendered layouts/_navigation.html.erb (2.0ms)
  Rendered layouts/_messages.html.erb (0.4ms)
  Rendered layouts/_footer.html.erb (0.2ms)
Completed 200 OK in 2033ms (Views: 2028.7ms | ActiveRecord: 1.8ms)


Started GET "/articles" for 127.0.0.1 at 2018-05-11 01:15:32 -0400
Processing by ArticlesController#index as HTML
  Rendering articles/index.html.erb within layouts/application
  [1m[35m (0.1ms)[0m  [1m[34mSELECT COUNT(*) FROM "articles"[0m
  [1m[36mArticle Load (0.1ms)[0m  [1m[34mSELECT  "articles".* FROM "articles" LIMIT ? OFFSET ?[0m  [["LIMIT", 5], ["OFFSET", 0]]
  [1m[36mUser Load (0.1ms)[0m  [1m[34mSELECT  "users".* FROM "users" WHERE "users"."id" = ? LIMIT ?[0m  [["id", 1], ["LIMIT", 1]]
  [1m[36mCategory Exists (0.1ms)[0m  [1m[34mSELECT  1 AS one FROM "categories" INNER JOIN "article_categories" ON "categories"."id" = "article_categories"."category_id" WHERE "article_categories"."article_id" = ? LIMIT ?[0m  [["article_id", 1], ["LIMIT", 1]]
  [1m[36mCACHE User Load (0.0ms)[0m  [1m[34mSELECT  "users".* FROM "users" WHERE "users"."id" = ? LIMIT ?[0m  [["id", 1], ["LIMIT", 1]]
  Rendered articles/_article.html.erb (4.0ms)
  Rendered articles/index.html.erb within layouts/application (6.3ms)
  [1m[36mCategory Load (0.1ms)[0m  [1m[34mSELECT "categories".* FROM "categories"[0m
  Rendered layouts/_navigation.html.erb (1.2ms)
  Rendered layouts/_messages.html.erb (0.3ms)
  Rendered layouts/_footer.html.erb (0.2ms)
Completed 200 OK in 51ms (Views: 48.7ms | ActiveRecord: 0.5ms)


Started GET "/articles" for 127.0.0.1 at 2018-05-11 01:15:44 -0400
Processing by ArticlesController#index as HTML
  Rendering articles/index.html.erb within layouts/application
  [1m[35m (0.1ms)[0m  [1m[34mSELECT COUNT(*) FROM "articles"[0m
  [1m[36mArticle Load (0.1ms)[0m  [1m[34mSELECT  "articles".* FROM "articles" LIMIT ? OFFSET ?[0m  [["LIMIT", 5], ["OFFSET", 0]]
  [1m[36mUser Load (0.1ms)[0m  [1m[34mSELECT  "users".* FROM "users" WHERE "users"."id" = ? LIMIT ?[0m  [["id", 1], ["LIMIT", 1]]
  [1m[36mCategory Exists (0.1ms)[0m  [1m[34mSELECT  1 AS one FROM "categories" INNER JOIN "article_categories" ON "categories"."id" = "article_categories"."category_id" WHERE "article_categories"."article_id" = ? LIMIT ?[0m  [["article_id", 1], ["LIMIT", 1]]
  [1m[36mCACHE User Load (0.0ms)[0m  [1m[34mSELECT  "users".* FROM "users" WHERE "users"."id" = ? LIMIT ?[0m  [["id", 1], ["LIMIT", 1]]
  Rendered articles/_article.html.erb (3.3ms)
  Rendered articles/index.html.erb within layouts/application (5.2ms)
  [1m[36mCategory Load (0.1ms)[0m  [1m[34mSELECT "categories".* FROM "categories"[0m
  Rendered layouts/_navigation.html.erb (1.2ms)
  Rendered layouts/_messages.html.erb (0.2ms)
  Rendered layouts/_footer.html.erb (0.2ms)
Completed 200 OK in 45ms (Views: 42.4ms | ActiveRecord: 0.5ms)


Started GET "/articles" for 127.0.0.1 at 2018-05-11 01:15:56 -0400
Processing by ArticlesController#index as HTML
  Rendering articles/index.html.erb within layouts/application
  [1m[35m (0.1ms)[0m  [1m[34mSELECT COUNT(*) FROM "articles"[0m
  [1m[36mArticle Load (0.1ms)[0m  [1m[34mSELECT  "articles".* FROM "articles" LIMIT ? OFFSET ?[0m  [["LIMIT", 5], ["OFFSET", 0]]
  [1m[36mUser Load (0.1ms)[0m  [1m[34mSELECT  "users".* FROM "users" WHERE "users"."id" = ? LIMIT ?[0m  [["id", 1], ["LIMIT", 1]]
  [1m[36mCategory Exists (0.1ms)[0m  [1m[34mSELECT  1 AS one FROM "categories" INNER JOIN "article_categories" ON "categories"."id" = "article_categories"."category_id" WHERE "article_categories"."article_id" = ? LIMIT ?[0m  [["article_id", 1], ["LIMIT", 1]]
  [1m[36mCACHE User Load (0.0ms)[0m  [1m[34mSELECT  "users".* FROM "users" WHERE "users"."id" = ? LIMIT ?[0m  [["id", 1], ["LIMIT", 1]]
  Rendered articles/_article.html.erb (3.1ms)
  Rendered articles/index.html.erb within layouts/application (5.1ms)
  [1m[36mCategory Load (0.1ms)[0m  [1m[34mSELECT "categories".* FROM "categories"[0m
  Rendered layouts/_navigation.html.erb (1.3ms)
  Rendered layouts/_messages.html.erb (0.2ms)
  Rendered layouts/_footer.html.erb (0.2ms)
Completed 200 OK in 46ms (Views: 44.3ms | ActiveRecord: 0.4ms)


Started GET "/articles" for 127.0.0.1 at 2018-05-11 01:16:00 -0400
Processing by ArticlesController#index as HTML
  Rendering articles/index.html.erb within layouts/application
  [1m[35m (0.1ms)[0m  [1m[34mSELECT COUNT(*) FROM "articles"[0m
  [1m[36mArticle Load (0.1ms)[0m  [1m[34mSELECT  "articles".* FROM "articles" LIMIT ? OFFSET ?[0m  [["LIMIT", 5], ["OFFSET", 0]]
  [1m[36mUser Load (0.1ms)[0m  [1m[34mSELECT  "users".* FROM "users" WHERE "users"."id" = ? LIMIT ?[0m  [["id", 1], ["LIMIT", 1]]
  [1m[36mCategory Exists (0.1ms)[0m  [1m[34mSELECT  1 AS one FROM "categories" INNER JOIN "article_categories" ON "categories"."id" = "article_categories"."category_id" WHERE "article_categories"."article_id" = ? LIMIT ?[0m  [["article_id", 1], ["LIMIT", 1]]
  [1m[36mCACHE User Load (0.0ms)[0m  [1m[34mSELECT  "users".* FROM "users" WHERE "users"."id" = ? LIMIT ?[0m  [["id", 1], ["LIMIT", 1]]
  Rendered articles/_article.html.erb (3.2ms)
  Rendered articles/index.html.erb within layouts/application (5.1ms)
  [1m[36mCategory Load (0.1ms)[0m  [1m[34mSELECT "categories".* FROM "categories"[0m
  Rendered layouts/_navigation.html.erb (1.1ms)
  Rendered layouts/_messages.html.erb (0.2ms)
  Rendered layouts/_footer.html.erb (0.2ms)
Completed 200 OK in 54ms (Views: 51.7ms | ActiveRecord: 0.4ms)


Started GET "/articles" for 127.0.0.1 at 2018-05-11 01:16:41 -0400
Processing by ArticlesController#index as HTML
  Rendering articles/index.html.erb within layouts/application
  [1m[35m (0.1ms)[0m  [1m[34mSELECT COUNT(*) FROM "articles"[0m
  [1m[36mArticle Load (0.1ms)[0m  [1m[34mSELECT  "articles".* FROM "articles" LIMIT ? OFFSET ?[0m  [["LIMIT", 5], ["OFFSET", 0]]
  [1m[36mUser Load (0.1ms)[0m  [1m[34mSELECT  "users".* FROM "users" WHERE "users"."id" = ? LIMIT ?[0m  [["id", 1], ["LIMIT", 1]]
  [1m[36mCategory Exists (0.1ms)[0m  [1m[34mSELECT  1 AS one FROM "categories" INNER JOIN "article_categories" ON "categories"."id" = "article_categories"."category_id" WHERE "article_categories"."article_id" = ? LIMIT ?[0m  [["article_id", 1], ["LIMIT", 1]]
  [1m[36mCACHE User Load (0.0ms)[0m  [1m[34mSELECT  "users".* FROM "users" WHERE "users"."id" = ? LIMIT ?[0m  [["id", 1], ["LIMIT", 1]]
  Rendered articles/_article.html.erb (18.9ms)
  Rendered articles/index.html.erb within layouts/application (21.6ms)
[Webpacker] Compiling…
[Webpacker] Compiled all packs in /Users/brian/RubymineProjects/alpha-blog-newer/public/packs
  [1m[36mCategory Load (0.2ms)[0m  [1m[34mSELECT "categories".* FROM "categories"[0m
  Rendered layouts/_navigation.html.erb (2.1ms)
  Rendered layouts/_messages.html.erb (0.4ms)
  Rendered layouts/_footer.html.erb (0.3ms)
Completed 200 OK in 2026ms (Views: 2021.7ms | ActiveRecord: 1.8ms)


